<?xml version="1.0" encoding="UTF-8"?>
<!-- Generated by org.testng.reporters.JUnitReportReporter -->
<testsuite hostname="MWDH-Work2" failures="0" tests="1" name="ass1W9D4.ChromeWebDriverAss1W9D4" time="15.050" errors="0" timestamp="2022-08-03T20:58:12 AST" skipped="0">
  <testcase classname="ass1W9D4.ChromeWebDriverAss1W9D4" name="LearnEnglishWebSite" time="15.050"/>
  <system-out/>
</testsuite> <!-- ass1W9D4.ChromeWebDriverAss1W9D4 -->
